#
# There is insufficient memory for the Java Runtime Environment to continue.
# Native memory allocation (mmap) failed to map 97517568 bytes for G1 virtual space
# Possible reasons:
#   The system is out of physical RAM or swap space
#   The process is running with CompressedOops enabled, and the Java Heap may be blocking the growth of the native heap
# Possible solutions:
#   Reduce memory load on the system
#   Increase physical memory or swap space
#   Check if swap backing store is full
#   Decrease Java heap size (-Xmx/-Xms)
#   Decrease number of Java threads
#   Decrease Java thread stack sizes (-Xss)
#   Set larger code cache with -XX:ReservedCodeCacheSize=
#   JVM is running with Unscaled Compressed Oops mode in which the Java heap is
#     placed in the first 4GB address space. The Java Heap base address is the
#     maximum limit for the native heap growth. Please use -XX:HeapBaseMinAddress
#     to set the Java Heap base and to place the Java Heap above 4GB virtual address.
# This output file may be truncated or incomplete.
#
#  Out of Memory Error (os_windows.cpp:3469), pid=22628, tid=13640
#
# JRE version: Java(TM) SE Runtime Environment (17.0.1+12) (build 17.0.1+12-LTS-39)
# Java VM: Java HotSpot(TM) 64-Bit Server VM (17.0.1+12-LTS-39, mixed mode, emulated-client, sharing, tiered, compressed oops, compressed class ptrs, g1 gc, windows-amd64)
# No core dump will be written. Minidumps are not enabled by default on client versions of Windows
#

---------------  S U M M A R Y ------------

Command Line: -Dcom.sun.management.jmxremote -Dcom.sun.management.jmxremote.port=29804 -Dcom.sun.management.jmxremote.authenticate=false -Dcom.sun.management.jmxremote.ssl=false -Djava.rmi.server.hostname=localhost -Dspring.jmx.enabled=true -Dmanagement.endpoints.jmx.exposure.include=* -Dspring.application.admin.enabled=true -Dspring.output.ansi.enabled=always -XX:TieredStopAtLevel=1 -Dspring.boot.project.name=newapi -Dfile.encoding=UTF-8 -Dstdout.encoding=UTF-8 -Dstderr.encoding=UTF-8 -XX:+ShowCodeDetailsInExceptionMessages com.example.demo.NewapiApplication

Host: 11th Gen Intel(R) Core(TM) i3-1115G4 @ 3.00GHz, 4 cores, 7G,  Windows 10 , 64 bit Build 26100 (10.0.26100.5074)
Time: Tue Oct 14 15:39:51 2025 India Standard Time elapsed time: 8.672892 seconds (0d 0h 0m 8s)

---------------  T H R E A D  ---------------

Current thread (0x0000025265646f10):  VMThread "VM Thread" [stack: 0x00000089cdd00000,0x00000089cde00000] [id=13640]

Stack: [0x00000089cdd00000,0x00000089cde00000]
Native frames: (J=compiled Java code, j=interpreted, Vv=VM code, C=native code)
V  [jvm.dll+0x66fa1a]
V  [jvm.dll+0x7ce5a4]
V  [jvm.dll+0x7cfd4e]
V  [jvm.dll+0x7d03b3]
V  [jvm.dll+0x242b05]
V  [jvm.dll+0x66ca39]
V  [jvm.dll+0x661502]
V  [jvm.dll+0x30081b]
V  [jvm.dll+0x307da6]
V  [jvm.dll+0x357a1e]
V  [jvm.dll+0x357c4f]
V  [jvm.dll+0x2d7ad8]
V  [jvm.dll+0x2d5da4]
V  [jvm.dll+0x2d53ac]
V  [jvm.dll+0x318d0b]
V  [jvm.dll+0x7d484b]
V  [jvm.dll+0x7d5584]
V  [jvm.dll+0x7d5a9c]
V  [jvm.dll+0x7d5e74]
V  [jvm.dll+0x7d5f40]
V  [jvm.dll+0x77e91a]
V  [jvm.dll+0x66e845]
C  [ucrtbase.dll+0x37b0]
C  [KERNEL32.DLL+0x2e8d7]
C  [ntdll.dll+0x8d9c]

VM_Operation (0x00000089cf3fd1e0): G1CollectForAllocation, mode: safepoint, requested by thread 0x0000025266978270


---------------  P R O C E S S  ---------------

Threads class SMR info:
_java_thread_list=0x000002526880c1d0, length=28, elements={
0x00000252523d0650, 0x000002526564d0d0, 0x0000025265652720, 0x0000025265665540,
0x0000025265666f10, 0x00000252656698e0, 0x000002526566a1a0, 0x000002526566ab10,
0x00000252656ae600, 0x0000025266077fb0, 0x000002526607c4a0, 0x00000252660c2e00,
0x00000252665e5f90, 0x00000252665e6460, 0x00000252665ed340, 0x0000025266977da0,
0x0000025266978270, 0x0000025266a462b0, 0x0000025266afed00, 0x0000025266b01230,
0x0000025266b02f10, 0x0000025266b5b030, 0x0000025266b033e0, 0x0000025266b04720,
0x0000025266b04bf0, 0x0000025266b038b0, 0x0000025266b03d80, 0x0000025266b01700
}

Java Threads: ( => current thread )
  0x00000252523d0650 JavaThread "main" [_thread_blocked, id=10252, stack(0x00000089cd700000,0x00000089cd800000)]
  0x000002526564d0d0 JavaThread "Reference Handler" daemon [_thread_blocked, id=20140, stack(0x00000089cde00000,0x00000089cdf00000)]
  0x0000025265652720 JavaThread "Finalizer" daemon [_thread_blocked, id=5652, stack(0x00000089cdf00000,0x00000089ce000000)]
  0x0000025265665540 JavaThread "Signal Dispatcher" daemon [_thread_blocked, id=2496, stack(0x00000089ce000000,0x00000089ce100000)]
  0x0000025265666f10 JavaThread "Attach Listener" daemon [_thread_blocked, id=21544, stack(0x00000089ce100000,0x00000089ce200000)]
  0x00000252656698e0 JavaThread "Service Thread" daemon [_thread_blocked, id=15948, stack(0x00000089ce200000,0x00000089ce300000)]
  0x000002526566a1a0 JavaThread "Monitor Deflation Thread" daemon [_thread_blocked, id=20688, stack(0x00000089ce300000,0x00000089ce400000)]
  0x000002526566ab10 JavaThread "C1 CompilerThread0" daemon [_thread_blocked, id=8276, stack(0x00000089ce400000,0x00000089ce500000)]
  0x00000252656ae600 JavaThread "Sweeper thread" daemon [_thread_blocked, id=16528, stack(0x00000089ce500000,0x00000089ce600000)]
  0x0000025266077fb0 JavaThread "Common-Cleaner" daemon [_thread_blocked, id=2920, stack(0x00000089ce600000,0x00000089ce700000)]
  0x000002526607c4a0 JavaThread "C1 CompilerThread1" daemon [_thread_blocked, id=11364, stack(0x00000089ce700000,0x00000089ce800000)]
  0x00000252660c2e00 JavaThread "Notification Thread" daemon [_thread_blocked, id=12264, stack(0x00000089ce800000,0x00000089ce900000)]
  0x00000252665e5f90 JavaThread "RMI TCP Accept-0" daemon [_thread_in_native, id=6292, stack(0x00000089ce900000,0x00000089cea00000)]
  0x00000252665e6460 JavaThread "RMI TCP Accept-29804" daemon [_thread_in_native, id=12016, stack(0x00000089cea00000,0x00000089ceb00000)]
  0x00000252665ed340 JavaThread "RMI TCP Accept-0" daemon [_thread_in_native, id=5480, stack(0x00000089ceb00000,0x00000089cec00000)]
  0x0000025266977da0 JavaThread "Thread-0" [_thread_blocked, id=16656, stack(0x00000089cf200000,0x00000089cf300000)]
  0x0000025266978270 JavaThread "restartedMain" [_thread_blocked, id=15348, stack(0x00000089cf300000,0x00000089cf400000)]
  0x0000025266a462b0 JavaThread "RMI TCP Connection(1)-127.0.0.1" daemon [_thread_in_native, id=16524, stack(0x00000089cf400000,0x00000089cf500000)]
  0x0000025266afed00 JavaThread "RMI Scheduler(0)" daemon [_thread_blocked, id=21188, stack(0x00000089cf500000,0x00000089cf600000)]
  0x0000025266b01230 JavaThread "RMI TCP Connection(2)-127.0.0.1" daemon [_thread_in_native, id=12560, stack(0x00000089cf600000,0x00000089cf700000)]
  0x0000025266b02f10 JavaThread "JMX server connection timeout 24" daemon [_thread_blocked, id=18776, stack(0x00000089cf700000,0x00000089cf800000)]
  0x0000025266b5b030 JavaThread "C1 CompilerThread2" daemon [_thread_blocked, id=12476, stack(0x00000089cf900000,0x00000089cfa00000)]
  0x0000025266b033e0 JavaThread "Catalina-utility-1" [_thread_blocked, id=9820, stack(0x00000089cf800000,0x00000089cf900000)]
  0x0000025266b04720 JavaThread "Catalina-utility-2" [_thread_blocked, id=9324, stack(0x00000089cfa00000,0x00000089cfb00000)]
  0x0000025266b04bf0 JavaThread "container-0" [_thread_blocked, id=10580, stack(0x00000089cfb00000,0x00000089cfc00000)]
  0x0000025266b038b0 JavaThread "PostgreSQL-JDBC-Cleaner" daemon [_thread_blocked, id=1472, stack(0x00000089cfd00000,0x00000089cfe00000)]
  0x0000025266b03d80 JavaThread "HikariPool-1:housekeeper" daemon [_thread_blocked, id=508, stack(0x00000089cfe00000,0x00000089cff00000)]
  0x0000025266b01700 JavaThread "HikariPool-1:connection-adder" daemon [_thread_blocked, id=21284, stack(0x00000089cff00000,0x00000089d0000000)]

Other Threads:
=>0x0000025265646f10 VMThread "VM Thread" [stack: 0x00000089cdd00000,0x00000089cde00000] [id=13640]
  0x0000025252427dc0 WatcherThread [stack: 0x00000089cec00000,0x00000089ced00000] [id=5608]
  0x000002525240f360 GCTaskThread "GC Thread#0" [stack: 0x00000089cd800000,0x00000089cd900000] [id=17332]
  0x00000252523d0f10 GCTaskThread "GC Thread#1" [stack: 0x00000089ced00000,0x00000089cee00000] [id=7104]
  0x00000252523d11c0 GCTaskThread "GC Thread#2" [stack: 0x00000089cee00000,0x00000089cef00000] [id=19952]
  0x00000252666a5270 GCTaskThread "GC Thread#3" [stack: 0x00000089cef00000,0x00000089cf000000] [id=18844]
  0x000002525241faf0 ConcurrentGCThread "G1 Main Marker" [stack: 0x00000089cd900000,0x00000089cda00000] [id=8116]
  0x0000025252421420 ConcurrentGCThread "G1 Conc#0" [stack: 0x00000089cda00000,0x00000089cdb00000] [id=17700]
  0x000002525248d9c0 ConcurrentGCThread "G1 Refine#0" [stack: 0x00000089cdb00000,0x00000089cdc00000] [id=15420]
  0x00000252666a5b30 ConcurrentGCThread "G1 Refine#1" [stack: 0x00000089cf000000,0x00000089cf100000] [id=788]
  0x00000252661b9390 ConcurrentGCThread "G1 Refine#2" [stack: 0x00000089cf100000,0x00000089cf200000] [id=9096]
  0x00000252655040b0 ConcurrentGCThread "G1 Service" [stack: 0x00000089cdc00000,0x00000089cdd00000] [id=1764]

Threads with active compile tasks:

VM state: at safepoint (normal execution)

VM Mutex/Monitor currently owned by a thread:  ([mutex/lock_event])
[0x00000252523cdeb0] Threads_lock - owner thread: 0x0000025265646f10
[0x00000252523cd760] Heap_lock - owner thread: 0x0000025266978270

Heap address: 0x0000000083600000, size: 1994 MB, Compressed Oops mode: 32-bit

CDS archive(s) mapped at: [0x0000000800000000-0x0000000800bc0000-0x0000000800bc0000), size 12320768, SharedBaseAddress: 0x0000000800000000, ArchiveRelocationMode: 0.
Compressed class space mapped at: 0x0000000800c00000-0x0000000840c00000, reserved size: 1073741824
Narrow klass base: 0x0000000800000000, Narrow klass shift: 0, Narrow klass range: 0x100000000

GC Precious Log:
 CPUs: 4 total, 4 available
 Memory: 7975M
 Large Page Support: Disabled
 NUMA Support: Disabled
 Compressed Oops: Enabled (32-bit)
 Heap Region Size: 1M
 Heap Min Capacity: 8M
 Heap Initial Capacity: 126M
 Heap Max Capacity: 1994M
 Pre-touch: Disabled
 Parallel Workers: 4
 Concurrent Workers: 1
 Concurrent Refinement Workers: 4
 Periodic GC: Disabled

Heap:
 garbage-first heap   total 95232K, used 40180K [0x0000000083600000, 0x0000000100000000)
  region size 1024K, 4 young (4096K), 4 survivors (4096K)
 Metaspace       used 71826K, committed 72448K, reserved 1114112K
  class space    used 10671K, committed 10944K, reserved 1048576K

Heap Regions: E=young(eden), S=young(survivor), O=old, HS=humongous(starts), HC=humongous(continues), CS=collection set, F=free, OA=open archive, CA=closed archive, TAMS=top-at-mark-start (previous, next)
|   0|0x0000000083600000, 0x0000000083700000, 0x0000000083700000|100%|HS|  |TAMS 0x0000000083700000, 0x0000000083600000| Complete 
|   1|0x0000000083700000, 0x0000000083800000, 0x0000000083800000|100%|HS|  |TAMS 0x0000000083800000, 0x0000000083700000| Complete 
|   2|0x0000000083800000, 0x0000000083900000, 0x0000000083900000|100%| O|  |TAMS 0x0000000083900000, 0x0000000083800000| Untracked 
|   3|0x0000000083900000, 0x0000000083a00000, 0x0000000083a00000|100%| O|  |TAMS 0x0000000083a00000, 0x0000000083900000| Untracked 
|   4|0x0000000083a00000, 0x0000000083b00000, 0x0000000083b00000|100%| O|  |TAMS 0x0000000083b00000, 0x0000000083a00000| Untracked 
|   5|0x0000000083b00000, 0x0000000083c00000, 0x0000000083c00000|100%| O|  |TAMS 0x0000000083c00000, 0x0000000083b00000| Untracked 
|   6|0x0000000083c00000, 0x0000000083d00000, 0x0000000083d00000|100%| O|  |TAMS 0x0000000083d00000, 0x0000000083c00000| Untracked 
|   7|0x0000000083d00000, 0x0000000083e00000, 0x0000000083e00000|100%| O|  |TAMS 0x0000000083e00000, 0x0000000083d00000| Untracked 
|   8|0x0000000083e00000, 0x0000000083f00000, 0x0000000083f00000|100%| O|  |TAMS 0x0000000083f00000, 0x0000000083e00000| Untracked 
|   9|0x0000000083f00000, 0x0000000084000000, 0x0000000084000000|100%| O|  |TAMS 0x0000000084000000, 0x0000000083f00000| Untracked 
|  10|0x0000000084000000, 0x0000000084100000, 0x0000000084100000|100%| O|  |TAMS 0x0000000084100000, 0x0000000084000000| Untracked 
|  11|0x0000000084100000, 0x0000000084151600, 0x0000000084200000| 31%| O|  |TAMS 0x0000000084151600, 0x0000000084100000| Untracked 
|  12|0x0000000084200000, 0x0000000084300000, 0x0000000084300000|100%| O|  |TAMS 0x0000000084300000, 0x0000000084200000| Untracked 
|  13|0x0000000084300000, 0x0000000084400000, 0x0000000084400000|100%| O|  |TAMS 0x0000000084400000, 0x0000000084300000| Untracked 
|  14|0x0000000084400000, 0x0000000084500000, 0x0000000084500000|100%| O|  |TAMS 0x0000000084500000, 0x0000000084400000| Untracked 
|  15|0x0000000084500000, 0x0000000084600000, 0x0000000084600000|100%| O|  |TAMS 0x0000000084600000, 0x0000000084500000| Untracked 
|  16|0x0000000084600000, 0x0000000084700000, 0x0000000084700000|100%| O|  |TAMS 0x0000000084700000, 0x0000000084600000| Untracked 
|  17|0x0000000084700000, 0x0000000084800000, 0x0000000084800000|100%| O|  |TAMS 0x0000000084800000, 0x0000000084700000| Untracked 
|  18|0x0000000084800000, 0x0000000084900000, 0x0000000084900000|100%| O|  |TAMS 0x0000000084900000, 0x0000000084800000| Untracked 
|  19|0x0000000084900000, 0x0000000084981200, 0x0000000084a00000| 50%| O|  |TAMS 0x0000000084981200, 0x0000000084900000| Untracked 
|  20|0x0000000084a00000, 0x0000000084b00000, 0x0000000084b00000|100%| O|  |TAMS 0x0000000084b00000, 0x0000000084a00000| Untracked 
|  21|0x0000000084b00000, 0x0000000084c00000, 0x0000000084c00000|100%| O|  |TAMS 0x0000000084c00000, 0x0000000084b00000| Untracked 
|  22|0x0000000084c00000, 0x0000000084d00000, 0x0000000084d00000|100%| O|  |TAMS 0x0000000084d00000, 0x0000000084c00000| Untracked 
|  23|0x0000000084d00000, 0x0000000084e00000, 0x0000000084e00000|100%| O|  |TAMS 0x0000000084e00000, 0x0000000084d00000| Untracked 
|  24|0x0000000084e00000, 0x0000000084f00000, 0x0000000084f00000|100%| O|  |TAMS 0x0000000084f00000, 0x0000000084e00000| Untracked 
|  25|0x0000000084f00000, 0x0000000085000000, 0x0000000085000000|100%| O|  |TAMS 0x0000000085000000, 0x0000000084f00000| Untracked 
|  26|0x0000000085000000, 0x0000000085100000, 0x0000000085100000|100%| O|  |TAMS 0x000000008507e600, 0x0000000085000000| Untracked 
|  27|0x0000000085100000, 0x0000000085200000, 0x0000000085200000|100%| O|  |TAMS 0x0000000085100000, 0x0000000085100000| Untracked 
|  28|0x0000000085200000, 0x0000000085300000, 0x0000000085300000|100%| O|  |TAMS 0x0000000085200000, 0x0000000085200000| Untracked 
|  29|0x0000000085300000, 0x0000000085400000, 0x0000000085400000|100%| O|  |TAMS 0x0000000085300000, 0x0000000085300000| Untracked 
|  30|0x0000000085400000, 0x0000000085500000, 0x0000000085500000|100%| O|  |TAMS 0x0000000085400000, 0x0000000085400000| Untracked 
|  31|0x0000000085500000, 0x0000000085600000, 0x0000000085600000|100%| O|  |TAMS 0x0000000085500000, 0x0000000085500000| Untracked 
|  32|0x0000000085600000, 0x0000000085700000, 0x0000000085700000|100%| O|  |TAMS 0x0000000085600000, 0x0000000085600000| Untracked 
|  33|0x0000000085700000, 0x0000000085800000, 0x0000000085800000|100%| O|  |TAMS 0x0000000085700000, 0x0000000085700000| Untracked 
|  34|0x0000000085800000, 0x0000000085900000, 0x0000000085900000|100%| O|  |TAMS 0x0000000085800000, 0x0000000085800000| Untracked 
|  35|0x0000000085900000, 0x0000000085a00000, 0x0000000085a00000|100%| O|  |TAMS 0x0000000085900000, 0x0000000085900000| Untracked 
|  36|0x0000000085a00000, 0x0000000085b00000, 0x0000000085b00000|100%| O|  |TAMS 0x0000000085a00000, 0x0000000085a00000| Untracked 
|  37|0x0000000085b00000, 0x0000000085b38800, 0x0000000085c00000| 22%| O|  |TAMS 0x0000000085b00000, 0x0000000085b00000| Untracked 
|  38|0x0000000085c00000, 0x0000000085c00000, 0x0000000085d00000|  0%| F|  |TAMS 0x0000000085c00000, 0x0000000085c00000| Untracked 
|  39|0x0000000085d00000, 0x0000000085d00000, 0x0000000085e00000|  0%| F|  |TAMS 0x0000000085d00000, 0x0000000085d00000| Untracked 
|  40|0x0000000085e00000, 0x0000000085e00000, 0x0000000085f00000|  0%| F|  |TAMS 0x0000000085e00000, 0x0000000085e00000| Untracked 
|  41|0x0000000085f00000, 0x0000000085f00000, 0x0000000086000000|  0%| F|  |TAMS 0x0000000085f00000, 0x0000000085f00000| Untracked 
|  42|0x0000000086000000, 0x0000000086000000, 0x0000000086100000|  0%| F|  |TAMS 0x0000000086000000, 0x0000000086000000| Untracked 
|  43|0x0000000086100000, 0x0000000086100000, 0x0000000086200000|  0%| F|  |TAMS 0x0000000086100000, 0x0000000086100000| Untracked 
|  44|0x0000000086200000, 0x0000000086200000, 0x0000000086300000|  0%| F|  |TAMS 0x0000000086200000, 0x0000000086200000| Untracked 
|  45|0x0000000086300000, 0x0000000086300000, 0x0000000086400000|  0%| F|  |TAMS 0x0000000086300000, 0x0000000086300000| Untracked 
|  46|0x0000000086400000, 0x0000000086400000, 0x0000000086500000|  0%| F|  |TAMS 0x0000000086400000, 0x0000000086400000| Untracked 
|  47|0x0000000086500000, 0x0000000086500000, 0x0000000086600000|  0%| F|  |TAMS 0x0000000086500000, 0x0000000086500000| Untracked 
|  48|0x0000000086600000, 0x0000000086600000, 0x0000000086700000|  0%| F|  |TAMS 0x0000000086600000, 0x0000000086600000| Untracked 
|  49|0x0000000086700000, 0x0000000086732298, 0x0000000086800000| 19%| S|CS|TAMS 0x0000000086700000, 0x0000000086700000| Complete 
|  50|0x0000000086800000, 0x0000000086900000, 0x0000000086900000|100%| S|CS|TAMS 0x0000000086800000, 0x0000000086800000| Complete 
|  51|0x0000000086900000, 0x0000000086a00000, 0x0000000086a00000|100%| S|CS|TAMS 0x0000000086900000, 0x0000000086900000| Complete 
|  52|0x0000000086a00000, 0x0000000086b00000, 0x0000000086b00000|100%| S|CS|TAMS 0x0000000086a00000, 0x0000000086a00000| Complete 
|  53|0x0000000086b00000, 0x0000000086b00000, 0x0000000086c00000|  0%| F|  |TAMS 0x0000000086b00000, 0x0000000086b00000| Untracked 
|  54|0x0000000086c00000, 0x0000000086c00000, 0x0000000086d00000|  0%| F|  |TAMS 0x0000000086c00000, 0x0000000086c00000| Untracked 
|  55|0x0000000086d00000, 0x0000000086d00000, 0x0000000086e00000|  0%| F|  |TAMS 0x0000000086d00000, 0x0000000086d00000| Untracked 
|  56|0x0000000086e00000, 0x0000000086e00000, 0x0000000086f00000|  0%| F|  |TAMS 0x0000000086e00000, 0x0000000086e00000| Untracked 
|  57|0x0000000086f00000, 0x0000000086f00000, 0x0000000087000000|  0%| F|  |TAMS 0x0000000086f00000, 0x0000000086f00000| Untracked 
|  58|0x0000000087000000, 0x0000000087000000, 0x0000000087100000|  0%| F|  |TAMS 0x0000000087000000, 0x0000000087000000| Untracked 
|  59|0x0000000087100000, 0x0000000087100000, 0x0000000087200000|  0%| F|  |TAMS 0x0000000087100000, 0x0000000087100000| Untracked 
|  60|0x0000000087200000, 0x0000000087200000, 0x0000000087300000|  0%| F|  |TAMS 0x0000000087200000, 0x0000000087200000| Untracked 
|  61|0x0000000087300000, 0x0000000087300000, 0x0000000087400000|  0%| F|  |TAMS 0x0000000087300000, 0x0000000087300000| Untracked 
|  62|0x0000000087400000, 0x0000000087400000, 0x0000000087500000|  0%| F|  |TAMS 0x0000000087400000, 0x0000000087400000| Untracked 
|  63|0x0000000087500000, 0x0000000087500000, 0x0000000087600000|  0%| F|  |TAMS 0x0000000087500000, 0x0000000087500000| Untracked 
|  64|0x0000000087600000, 0x0000000087600000, 0x0000000087700000|  0%| F|  |TAMS 0x0000000087600000, 0x0000000087600000| Untracked 
|  65|0x0000000087700000, 0x0000000087700000, 0x0000000087800000|  0%| F|  |TAMS 0x0000000087700000, 0x0000000087700000| Untracked 
|  66|0x0000000087800000, 0x0000000087800000, 0x0000000087900000|  0%| F|  |TAMS 0x0000000087800000, 0x0000000087800000| Untracked 
|  67|0x0000000087900000, 0x0000000087900000, 0x0000000087a00000|  0%| F|  |TAMS 0x0000000087900000, 0x0000000087900000| Untracked 
|  68|0x0000000087a00000, 0x0000000087a00000, 0x0000000087b00000|  0%| F|  |TAMS 0x0000000087a00000, 0x0000000087a00000| Untracked 
|  69|0x0000000087b00000, 0x0000000087b00000, 0x0000000087c00000|  0%| F|  |TAMS 0x0000000087b00000, 0x0000000087b00000| Untracked 
|  70|0x0000000087c00000, 0x0000000087c00000, 0x0000000087d00000|  0%| F|  |TAMS 0x0000000087c00000, 0x0000000087c00000| Untracked 
|  71|0x0000000087d00000, 0x0000000087d00000, 0x0000000087e00000|  0%| F|  |TAMS 0x0000000087d00000, 0x0000000087d00000| Untracked 
|  72|0x0000000087e00000, 0x0000000087e00000, 0x0000000087f00000|  0%| F|  |TAMS 0x0000000087e00000, 0x0000000087e00000| Untracked 
|  73|0x0000000087f00000, 0x0000000087f00000, 0x0000000088000000|  0%| F|  |TAMS 0x0000000087f00000, 0x0000000087f00000| Untracked 
|  74|0x0000000088000000, 0x0000000088000000, 0x0000000088100000|  0%| F|  |TAMS 0x0000000088000000, 0x0000000088000000| Untracked 
|  75|0x0000000088100000, 0x0000000088100000, 0x0000000088200000|  0%| F|  |TAMS 0x0000000088100000, 0x0000000088100000| Untracked 
|  76|0x0000000088200000, 0x0000000088200000, 0x0000000088300000|  0%| F|  |TAMS 0x0000000088200000, 0x0000000088200000| Untracked 
|  77|0x0000000088300000, 0x0000000088300000, 0x0000000088400000|  0%| F|  |TAMS 0x0000000088300000, 0x0000000088300000| Untracked 
|  78|0x0000000088400000, 0x0000000088400000, 0x0000000088500000|  0%| F|  |TAMS 0x0000000088400000, 0x0000000088400000| Untracked 
|  79|0x0000000088500000, 0x0000000088500000, 0x0000000088600000|  0%| F|  |TAMS 0x0000000088500000, 0x0000000088500000| Untracked 
|  80|0x0000000088600000, 0x0000000088600000, 0x0000000088700000|  0%| F|  |TAMS 0x0000000088600000, 0x0000000088600000| Untracked 
|  81|0x0000000088700000, 0x0000000088700000, 0x0000000088800000|  0%| F|  |TAMS 0x0000000088700000, 0x0000000088700000| Untracked 
|  82|0x0000000088800000, 0x0000000088800000, 0x0000000088900000|  0%| F|  |TAMS 0x0000000088800000, 0x0000000088800000| Untracked 
|  83|0x0000000088900000, 0x0000000088900000, 0x0000000088a00000|  0%| F|  |TAMS 0x0000000088900000, 0x0000000088900000| Untracked 
|  84|0x0000000088a00000, 0x0000000088a00000, 0x0000000088b00000|  0%| F|  |TAMS 0x0000000088a00000, 0x0000000088a00000| Untracked 
|  85|0x0000000088b00000, 0x0000000088b00000, 0x0000000088c00000|  0%| F|  |TAMS 0x0000000088b00000, 0x0000000088b00000| Untracked 
|  86|0x0000000088c00000, 0x0000000088c00000, 0x0000000088d00000|  0%| F|  |TAMS 0x0000000088c00000, 0x0000000088c00000| Untracked 
|  87|0x0000000088d00000, 0x0000000088d00000, 0x0000000088e00000|  0%| F|  |TAMS 0x0000000088d00000, 0x0000000088d00000| Untracked 
|  88|0x0000000088e00000, 0x0000000088e00000, 0x0000000088f00000|  0%| F|  |TAMS 0x0000000088e00000, 0x0000000088e00000| Untracked 
|  89|0x0000000088f00000, 0x0000000088f00000, 0x0000000089000000|  0%| F|  |TAMS 0x0000000088f00000, 0x0000000088f00000| Untracked 
|  90|0x0000000089000000, 0x0000000089000000, 0x0000000089100000|  0%| F|  |TAMS 0x0000000089000000, 0x0000000089000000| Untracked 
|  91|0x0000000089100000, 0x0000000089100000, 0x0000000089200000|  0%| F|  |TAMS 0x0000000089100000, 0x0000000089100000| Untracked 
| 263|0x0000000093d00000, 0x0000000093d00000, 0x0000000093e00000|  0%| F|  |TAMS 0x0000000093d00000, 0x0000000093d00000| Untracked 

Card table byte_map: [0x000002525ea20000,0x000002525ee10000] _byte_map_base: 0x000002525e605000

Marking Bits (Prev, Next): (CMBitMap*) 0x000002525240f880, (CMBitMap*) 0x000002525240f8c0
 Prev Bits: [0x000002525f200000, 0x0000025261128000)
 Next Bits: [0x0000025261130000, 0x0000025263058000)

Polling page: 0x0000025252490000

Metaspace:

Usage:
  Non-class:     59.72 MB used.
      Class:     10.42 MB used.
       Both:     70.14 MB used.

Virtual space:
  Non-class space:       64.00 MB reserved,      60.06 MB ( 94%) committed,  8 nodes.
      Class space:        1.00 GB reserved,      10.69 MB (  1%) committed,  1 nodes.
             Both:        1.06 GB reserved,      70.75 MB (  7%) committed. 

Chunk freelists:
   Non-Class:  3.64 MB
       Class:  1.20 MB
        Both:  4.84 MB

MaxMetaspaceSize: unlimited
CompressedClassSpaceSize: 1.00 GB
Initial GC threshold: 21.00 MB
Current GC threshold: 103.56 MB
CDS: on
MetaspaceReclaimPolicy: balanced
 - commit_granule_bytes: 65536.
 - commit_granule_words: 8192.
 - virtual_space_node_default_size: 1048576.
 - enlarge_chunks_in_place: 1.
 - new_chunks_are_fully_committed: 0.
 - uncommit_free_chunks: 1.
 - use_allocation_guard: 0.
 - handle_deallocations: 1.


Internal statistics:

num_allocs_failed_limit: 12.
num_arena_births: 912.
num_arena_deaths: 0.
num_vsnodes_births: 9.
num_vsnodes_deaths: 0.
num_space_committed: 1132.
num_space_uncommitted: 0.
num_chunks_returned_to_freelist: 12.
num_chunks_taken_from_freelist: 3603.
num_chunk_merges: 12.
num_chunk_splits: 2609.
num_chunks_enlarged: 2031.
num_purges: 0.
num_inconsistent_stats: 0.

CodeCache: size=49152Kb used=13468Kb max_used=13468Kb free=35683Kb
 bounds [0x000002525b190000, 0x000002525bec0000, 0x000002525e190000]
 total_blobs=7855 nmethods=7193 adapters=586
 compilation: enabled
              stopped_count=0, restarted_count=0
 full_count=0

Compilation events (20 events):
Event: 8.570 Thread 0x000002526607c4a0 7183       1       org.springframework.web.context.support.ServletContextPropertySource::getProperty (6 bytes)
Event: 8.570 Thread 0x000002526566ab10 7184       1       org.springframework.web.context.support.ServletContextPropertySource::getProperty (14 bytes)
Event: 8.570 Thread 0x000002526566ab10 nmethod 7184 0x000002525beb3590 code [0x000002525beb3720, 0x000002525beb3868]
Event: 8.570 Thread 0x000002526607c4a0 nmethod 7183 0x000002525beb3910 code [0x000002525beb3aa0, 0x000002525beb3be8]
Event: 8.576 Thread 0x000002526607c4a0 7185       1       org.springframework.beans.factory.BeanFactoryUtils::beanNamesForTypeIncludingAncestors (78 bytes)
Event: 8.577 Thread 0x000002526607c4a0 nmethod 7185 0x000002525beb3c90 code [0x000002525beb3e80, 0x000002525beb4248]
Event: 8.585 Thread 0x000002526566ab10 7187       1       java.lang.invoke.LambdaForm$MH/0x0000000800d67800::linkToTargetMethod (9 bytes)
Event: 8.585 Thread 0x000002526566ab10 nmethod 7187 0x000002525beb4710 code [0x000002525beb48c0, 0x000002525beb49d8]
Event: 8.589 Thread 0x000002526566ab10 7188       1       org.springframework.core.annotation.AnnotationTypeMapping::validateAllAliasesClaimed (97 bytes)
Event: 8.590 Thread 0x000002526566ab10 nmethod 7188 0x000002525beb4a90 code [0x000002525beb4d00, 0x000002525beb55c8]
Event: 8.600 Thread 0x000002526566ab10 7189   !   1       jdk.proxy2.$Proxy51::annotationType (29 bytes)
Event: 8.600 Thread 0x0000025266b5b030 7190       1       org.springframework.beans.BeanWrapperImpl::<init> (6 bytes)
Event: 8.600 Thread 0x000002526607c4a0 7191       1       org.springframework.beans.BeanWrapperImpl::<init> (6 bytes)
Event: 8.600 Thread 0x0000025266b5b030 nmethod 7190 0x000002525beb5a90 code [0x000002525beb5c20, 0x000002525beb5d08]
Event: 8.600 Thread 0x000002526566ab10 nmethod 7189 0x000002525beb5d90 code [0x000002525beb5f40, 0x000002525beb6158]
Event: 8.600 Thread 0x000002526607c4a0 nmethod 7191 0x000002525beb6290 code [0x000002525beb6420, 0x000002525beb6508]
Event: 8.600 Thread 0x0000025266b5b030 7192       1       org.springframework.beans.AbstractNestablePropertyAccessor::<init> (37 bytes)
Event: 8.601 Thread 0x0000025266b5b030 nmethod 7192 0x000002525beb6590 code [0x000002525beb6720, 0x000002525beb6998]
Event: 8.602 Thread 0x0000025266b5b030 7193       1       org.springframework.beans.BeanWrapperImpl::setBeanInstance (35 bytes)
Event: 8.603 Thread 0x0000025266b5b030 nmethod 7193 0x000002525beb6a90 code [0x000002525beb6c60, 0x000002525beb7018]

GC Heap History (20 events):
Event: 3.485 GC heap after
{Heap after GC invocations=14 (full 0):
 garbage-first heap   total 61440K, used 21426K [0x0000000083600000, 0x0000000100000000)
  region size 1024K, 3 young (3072K), 3 survivors (3072K)
 Metaspace       used 29965K, committed 30464K, reserved 1081344K
  class space    used 4185K, committed 4416K, reserved 1048576K
}
Event: 3.487 GC heap before
{Heap before GC invocations=14 (full 0):
 garbage-first heap   total 61440K, used 48050K [0x0000000083600000, 0x0000000100000000)
  region size 1024K, 30 young (30720K), 3 survivors (3072K)
 Metaspace       used 29965K, committed 30464K, reserved 1081344K
  class space    used 4185K, committed 4416K, reserved 1048576K
}
Event: 3.490 GC heap after
{Heap after GC invocations=15 (full 0):
 garbage-first heap   total 172032K, used 21422K [0x0000000083600000, 0x0000000100000000)
  region size 1024K, 3 young (3072K), 3 survivors (3072K)
 Metaspace       used 29965K, committed 30464K, reserved 1081344K
  class space    used 4185K, committed 4416K, reserved 1048576K
}
Event: 4.245 GC heap before
{Heap before GC invocations=15 (full 0):
 garbage-first heap   total 172032K, used 97198K [0x0000000083600000, 0x0000000100000000)
  region size 1024K, 79 young (80896K), 3 survivors (3072K)
 Metaspace       used 35705K, committed 36160K, reserved 1081344K
  class space    used 5016K, committed 5248K, reserved 1048576K
}
Event: 4.251 GC heap after
{Heap after GC invocations=16 (full 0):
 garbage-first heap   total 172032K, used 23216K [0x0000000083600000, 0x0000000100000000)
  region size 1024K, 4 young (4096K), 4 survivors (4096K)
 Metaspace       used 35705K, committed 36160K, reserved 1081344K
  class space    used 5016K, committed 5248K, reserved 1048576K
}
Event: 5.402 GC heap before
{Heap before GC invocations=17 (full 0):
 garbage-first heap   total 86016K, used 70320K [0x0000000083600000, 0x0000000100000000)
  region size 1024K, 50 young (51200K), 4 survivors (4096K)
 Metaspace       used 45999K, committed 46464K, reserved 1089536K
  class space    used 6499K, committed 6720K, reserved 1048576K
}
Event: 5.411 GC heap after
{Heap after GC invocations=18 (full 0):
 garbage-first heap   total 86016K, used 25794K [0x0000000083600000, 0x0000000100000000)
  region size 1024K, 5 young (5120K), 5 survivors (5120K)
 Metaspace       used 45999K, committed 46464K, reserved 1089536K
  class space    used 6499K, committed 6720K, reserved 1048576K
}
Event: 6.156 GC heap before
{Heap before GC invocations=18 (full 0):
 garbage-first heap   total 86016K, used 67778K [0x0000000083600000, 0x0000000100000000)
  region size 1024K, 47 young (48128K), 5 survivors (5120K)
 Metaspace       used 53767K, committed 54272K, reserved 1097728K
  class space    used 7761K, committed 8000K, reserved 1048576K
}
Event: 6.161 GC heap after
{Heap after GC invocations=19 (full 0):
 garbage-first heap   total 86016K, used 27805K [0x0000000083600000, 0x0000000100000000)
  region size 1024K, 5 young (5120K), 5 survivors (5120K)
 Metaspace       used 53767K, committed 54272K, reserved 1097728K
  class space    used 7761K, committed 8000K, reserved 1048576K
}
Event: 7.140 GC heap before
{Heap before GC invocations=19 (full 0):
 garbage-first heap   total 86016K, used 60573K [0x0000000083600000, 0x0000000100000000)
  region size 1024K, 38 young (38912K), 5 survivors (5120K)
 Metaspace       used 60206K, committed 60800K, reserved 1105920K
  class space    used 8661K, committed 8960K, reserved 1048576K
}
Event: 7.146 GC heap after
{Heap after GC invocations=20 (full 0):
 garbage-first heap   total 86016K, used 30227K [0x0000000083600000, 0x0000000100000000)
  region size 1024K, 5 young (5120K), 5 survivors (5120K)
 Metaspace       used 60206K, committed 60800K, reserved 1105920K
  class space    used 8661K, committed 8960K, reserved 1048576K
}
Event: 7.546 GC heap before
{Heap before GC invocations=21 (full 0):
 garbage-first heap   total 86016K, used 68115K [0x0000000083600000, 0x0000000100000000)
  region size 1024K, 42 young (43008K), 5 survivors (5120K)
 Metaspace       used 62537K, committed 63168K, reserved 1105920K
  class space    used 9219K, committed 9536K, reserved 1048576K
}
Event: 7.554 GC heap after
{Heap after GC invocations=22 (full 0):
 garbage-first heap   total 86016K, used 32386K [0x0000000083600000, 0x0000000100000000)
  region size 1024K, 5 young (5120K), 5 survivors (5120K)
 Metaspace       used 62537K, committed 63168K, reserved 1105920K
  class space    used 9219K, committed 9536K, reserved 1048576K
}
Event: 7.682 GC heap before
{Heap before GC invocations=23 (full 0):
 garbage-first heap   total 86016K, used 67202K [0x0000000083600000, 0x0000000100000000)
  region size 1024K, 40 young (40960K), 5 survivors (5120K)
 Metaspace       used 64310K, committed 64896K, reserved 1105920K
  class space    used 9598K, committed 9920K, reserved 1048576K
}
Event: 7.687 GC heap after
{Heap after GC invocations=24 (full 0):
 garbage-first heap   total 86016K, used 34100K [0x0000000083600000, 0x0000000100000000)
  region size 1024K, 4 young (4096K), 4 survivors (4096K)
 Metaspace       used 64310K, committed 64896K, reserved 1105920K
  class space    used 9598K, committed 9920K, reserved 1048576K
}
Event: 7.791 GC heap before
{Heap before GC invocations=24 (full 0):
 garbage-first heap   total 86016K, used 68916K [0x0000000083600000, 0x0000000100000000)
  region size 1024K, 38 young (38912K), 4 survivors (4096K)
 Metaspace       used 65779K, committed 66432K, reserved 1105920K
  class space    used 9825K, committed 10112K, reserved 1048576K
}
Event: 7.794 GC heap after
{Heap after GC invocations=25 (full 0):
 garbage-first heap   total 86016K, used 34715K [0x0000000083600000, 0x0000000100000000)
  region size 1024K, 3 young (3072K), 3 survivors (3072K)
 Metaspace       used 65779K, committed 66432K, reserved 1105920K
  class space    used 9825K, committed 10112K, reserved 1048576K
}
Event: 8.104 GC heap before
{Heap before GC invocations=25 (full 0):
 garbage-first heap   total 86016K, used 69531K [0x0000000083600000, 0x0000000100000000)
  region size 1024K, 37 young (37888K), 3 survivors (3072K)
 Metaspace       used 68248K, committed 68800K, reserved 1114112K
  class space    used 10153K, committed 10432K, reserved 1048576K
}
Event: 8.109 GC heap after
{Heap after GC invocations=26 (full 0):
 garbage-first heap   total 86016K, used 37244K [0x0000000083600000, 0x0000000100000000)
  region size 1024K, 5 young (5120K), 5 survivors (5120K)
 Metaspace       used 68248K, committed 68800K, reserved 1114112K
  class space    used 10153K, committed 10432K, reserved 1048576K
}
Event: 8.626 GC heap before
{Heap before GC invocations=26 (full 0):
 garbage-first heap   total 86016K, used 68988K [0x0000000083600000, 0x0000000100000000)
  region size 1024K, 36 young (36864K), 5 survivors (5120K)
 Metaspace       used 71826K, committed 72448K, reserved 1114112K
  class space    used 10671K, committed 10944K, reserved 1048576K
}

Deoptimization events (20 events):
Event: 0.546 Thread 0x00000252523d0650 DEOPT PACKING pc=0x000002525b3ce075 sp=0x00000089cd7fd640
Event: 0.546 Thread 0x00000252523d0650 DEOPT UNPACKING pc=0x000002525b1e6763 sp=0x00000089cd7fca98 mode 3
Event: 1.366 Thread 0x0000025266978270 DEOPT PACKING pc=0x000002525b6d6b99 sp=0x00000089cf3fc7f0
Event: 1.366 Thread 0x0000025266978270 DEOPT UNPACKING pc=0x000002525b1e6763 sp=0x00000089cf3fbcd0 mode 3
Event: 1.607 Thread 0x0000025266978270 DEOPT PACKING pc=0x000002525b734c2d sp=0x00000089cf3fd7d0
Event: 1.607 Thread 0x0000025266978270 DEOPT UNPACKING pc=0x000002525b1e6763 sp=0x00000089cf3fcd30 mode 3
Event: 1.653 Thread 0x0000025266978270 DEOPT PACKING pc=0x000002525b74b1d5 sp=0x00000089cf3fcdd0
Event: 1.653 Thread 0x0000025266978270 DEOPT UNPACKING pc=0x000002525b1e6763 sp=0x00000089cf3fc278 mode 3
Event: 1.875 Thread 0x0000025266978270 DEOPT PACKING pc=0x000002525b7ddb1d sp=0x00000089cf3fd620
Event: 1.875 Thread 0x0000025266978270 DEOPT UNPACKING pc=0x000002525b1e6763 sp=0x00000089cf3fcb88 mode 3
Event: 3.058 Thread 0x0000025266978270 DEOPT PACKING pc=0x000002525b9ad740 sp=0x00000089cf3fc3b0
Event: 3.058 Thread 0x0000025266978270 DEOPT UNPACKING pc=0x000002525b1e6763 sp=0x00000089cf3fb820 mode 3
Event: 3.186 Thread 0x0000025266978270 DEOPT PACKING pc=0x000002525b980234 sp=0x00000089cf3fb150
Event: 3.186 Thread 0x0000025266978270 DEOPT UNPACKING pc=0x000002525b1e6763 sp=0x00000089cf3fa6d8 mode 0
Event: 3.186 Thread 0x0000025266978270 DEOPT PACKING pc=0x000002525b8f776c sp=0x00000089cf3fb330
Event: 3.186 Thread 0x0000025266978270 DEOPT UNPACKING pc=0x000002525b1e6763 sp=0x00000089cf3fa7f0 mode 0
Event: 4.738 Thread 0x0000025266b03d80 DEOPT PACKING pc=0x000002525b568097 sp=0x00000089cfefee70
Event: 4.738 Thread 0x0000025266b03d80 DEOPT UNPACKING pc=0x000002525b1e6763 sp=0x00000089cfefe2c8 mode 3
Event: 5.928 Thread 0x0000025266978270 DEOPT PACKING pc=0x000002525bb7dff4 sp=0x00000089cf3fbec0
Event: 5.928 Thread 0x0000025266978270 DEOPT UNPACKING pc=0x000002525b1e6763 sp=0x00000089cf3fb358 mode 0

Classes unloaded (0 events):
No events

Classes redefined (0 events):
No events

Internal exceptions (20 events):
Event: 7.221 Thread 0x0000025266978270 Exception <a 'java/lang/reflect/InvocationTargetException'{0x0000000088e02c20}> (0x0000000088e02c20) 
thrown [t:\workspace\open\src\hotspot\share\runtime\reflection.cpp, line 1121]
Event: 7.224 Thread 0x0000025266978270 Exception <a 'java/lang/reflect/InvocationTargetException'{0x0000000088e1a130}> (0x0000000088e1a130) 
thrown [t:\workspace\open\src\hotspot\share\runtime\reflection.cpp, line 1121]
Event: 7.227 Thread 0x0000025266978270 Exception <a 'java/lang/reflect/InvocationTargetException'{0x0000000088e24b40}> (0x0000000088e24b40) 
thrown [t:\workspace\open\src\hotspot\share\runtime\reflection.cpp, line 1121]
Event: 7.229 Thread 0x0000025266978270 Exception <a 'java/lang/reflect/InvocationTargetException'{0x0000000088e2f580}> (0x0000000088e2f580) 
thrown [t:\workspace\open\src\hotspot\share\runtime\reflection.cpp, line 1121]
Event: 7.232 Thread 0x0000025266978270 Exception <a 'java/lang/reflect/InvocationTargetException'{0x0000000088e42f20}> (0x0000000088e42f20) 
thrown [t:\workspace\open\src\hotspot\share\runtime\reflection.cpp, line 1121]
Event: 7.235 Thread 0x0000025266978270 Exception <a 'java/lang/reflect/InvocationTargetException'{0x0000000088e51f98}> (0x0000000088e51f98) 
thrown [t:\workspace\open\src\hotspot\share\runtime\reflection.cpp, line 1121]
Event: 7.238 Thread 0x0000025266978270 Exception <a 'java/lang/reflect/InvocationTargetException'{0x0000000088e6d710}> (0x0000000088e6d710) 
thrown [t:\workspace\open\src\hotspot\share\runtime\reflection.cpp, line 1121]
Event: 7.240 Thread 0x0000025266978270 Exception <a 'java/lang/reflect/InvocationTargetException'{0x0000000088e89c88}> (0x0000000088e89c88) 
thrown [t:\workspace\open\src\hotspot\share\runtime\reflection.cpp, line 1121]
Event: 7.262 Thread 0x0000025266978270 Exception <a 'java/lang/reflect/InvocationTargetException'{0x000000008834fd80}> (0x000000008834fd80) 
thrown [t:\workspace\open\src\hotspot\share\runtime\reflection.cpp, line 1121]
Event: 7.284 Thread 0x0000025266978270 Exception <a 'java/lang/reflect/InvocationTargetException'{0x00000000882b0090}> (0x00000000882b0090) 
thrown [t:\workspace\open\src\hotspot\share\runtime\reflection.cpp, line 1121]
Event: 7.295 Thread 0x0000025266978270 Exception <a 'java/lang/reflect/InvocationTargetException'{0x00000000881bc7f0}> (0x00000000881bc7f0) 
thrown [t:\workspace\open\src\hotspot\share\runtime\reflection.cpp, line 1121]
Event: 7.308 Thread 0x0000025266978270 Exception <a 'java/lang/reflect/InvocationTargetException'{0x00000000880e3040}> (0x00000000880e3040) 
thrown [t:\workspace\open\src\hotspot\share\runtime\reflection.cpp, line 1121]
Event: 7.360 Thread 0x0000025266b01230 Exception <a 'java/lang/reflect/InvocationTargetException'{0x0000000087c01bc0}> (0x0000000087c01bc0) 
thrown [t:\workspace\open\src\hotspot\share\runtime\reflection.cpp, line 1121]
Event: 7.863 Thread 0x0000025266b01230 Exception <a 'java/lang/reflect/InvocationTargetException'{0x0000000087b01c50}> (0x0000000087b01c50) 
thrown [t:\workspace\open\src\hotspot\share\runtime\reflection.cpp, line 1121]
Event: 8.120 Thread 0x0000025266978270 Exception <a 'sun/nio/fs/WindowsException'{0x0000000093d83258}> (0x0000000093d83258) 
thrown [t:\workspace\open\src\hotspot\share\prims\jni.cpp, line 516]
Event: 8.150 Thread 0x0000025266978270 Exception <a 'java/lang/IncompatibleClassChangeError'{0x0000000088fe48f8}: Found class java.lang.Object, but interface was expected> (0x0000000088fe48f8) 
thrown [t:\workspace\open\src\hotspot\share\interpreter\linkResolver.cpp, line 833]
Event: 8.365 Thread 0x0000025266b01230 Exception <a 'java/lang/reflect/InvocationTargetException'{0x0000000087684a70}> (0x0000000087684a70) 
thrown [t:\workspace\open\src\hotspot\share\runtime\reflection.cpp, line 1121]
Event: 8.549 Thread 0x0000025266978270 Exception <a 'java/lang/IncompatibleClassChangeError'{0x0000000086e8bc50}: Found class java.lang.Object, but interface was expected> (0x0000000086e8bc50) 
thrown [t:\workspace\open\src\hotspot\share\interpreter\linkResolver.cpp, line 833]
Event: 8.583 Thread 0x0000025266978270 Exception <a 'java/lang/NoSuchMethodError'{0x0000000086c24a78}: 'java.lang.Object java.lang.invoke.DirectMethodHandle$Holder.invokeSpecial(java.lang.Object, java.lang.Object, java.lang.Object, java.lang.Object, java.lang.Object, java.lang.Object, java.lang.Object, java.lang.Object, java.lang.Object, java.lang.Object, java.lang.Object)'> (0x0000000086c24a78) 
thrown [t:\workspace\open\src\hotspot\share\interpreter\linkResolver.cpp, line 766]
Event: 8.584 Thread 0x0000025266978270 Exception <a 'java/lang/NoSuchMethodError'{0x0000000086c28ea8}: 'java.lang.Object java.lang.invoke.Invokers$Holder.invoke_MT(java.lang.Object, java.lang.Object, java.lang.Object, java.lang.Object, java.lang.Object, java.lang.Object, java.lang.Object, java.lang.Object, java.lang.Object, java.lang.Object, java.lang.Object)'> (0x0000000086c28ea8) 
thrown [t:\workspace\open\src\hotspot\share\interpreter\linkResolver.cpp, line 766]

VM Operations (20 events):
Event: 7.794 Executing VM operation: G1CollectForAllocation done
Event: 8.017 Executing VM operation: HandshakeAllThreads
Event: 8.017 Executing VM operation: HandshakeAllThreads done
Event: 8.040 Executing VM operation: HandshakeAllThreads
Event: 8.040 Executing VM operation: HandshakeAllThreads done
Event: 8.040 Executing VM operation: HandshakeAllThreads
Event: 8.040 Executing VM operation: HandshakeAllThreads done
Event: 8.063 Executing VM operation: ICBufferFull
Event: 8.063 Executing VM operation: ICBufferFull done
Event: 8.089 Executing VM operation: ICBufferFull
Event: 8.089 Executing VM operation: ICBufferFull done
Event: 8.104 Executing VM operation: G1CollectForAllocation
Event: 8.109 Executing VM operation: G1CollectForAllocation done
Event: 8.158 Executing VM operation: HandshakeAllThreads
Event: 8.158 Executing VM operation: HandshakeAllThreads done
Event: 8.172 Executing VM operation: HandshakeAllThreads
Event: 8.172 Executing VM operation: HandshakeAllThreads done
Event: 8.381 Executing VM operation: HandshakeAllThreads
Event: 8.381 Executing VM operation: HandshakeAllThreads done
Event: 8.626 Executing VM operation: G1CollectForAllocation

Events (20 events):
Event: 8.065 loading class sun/reflect/annotation/AnnotatedTypeFactory$AnnotatedParameterizedTypeImpl
Event: 8.065 loading class sun/reflect/annotation/AnnotatedTypeFactory$AnnotatedParameterizedTypeImpl done
Event: 8.133 loading class java/util/EnumMap$EntrySet
Event: 8.134 loading class java/util/EnumMap$EntrySet done
Event: 8.134 loading class java/util/EnumMap$EntryIterator
Event: 8.134 loading class java/util/EnumMap$EnumMapIterator
Event: 8.134 loading class java/util/EnumMap$EnumMapIterator done
Event: 8.134 loading class java/util/EnumMap$EntryIterator done
Event: 8.475 loading class jdk/internal/reflect/UnsafeQualifiedObjectFieldAccessorImpl
Event: 8.475 loading class jdk/internal/reflect/UnsafeQualifiedFieldAccessorImpl
Event: 8.475 loading class jdk/internal/reflect/UnsafeQualifiedFieldAccessorImpl done
Event: 8.475 loading class jdk/internal/reflect/UnsafeQualifiedObjectFieldAccessorImpl done
Event: 8.524 loading class javax/management/modelmbean/ModelMBean
Event: 8.524 loading class javax/management/PersistentMBean
Event: 8.524 loading class javax/management/PersistentMBean done
Event: 8.524 loading class javax/management/modelmbean/ModelMBean done
Event: 8.526 loading class javax/management/modelmbean/ModelMBeanInfo
Event: 8.527 loading class javax/management/modelmbean/ModelMBeanInfo done
Event: 8.530 loading class javax/management/Attribute
Event: 8.530 loading class javax/management/Attribute done


Dynamic libraries:
0x00007ff656a30000 - 0x00007ff656a40000 	C:\Program Files\Java\jdk-17.0.1\bin\javaw.exe
0x00007ff9fc0a0000 - 0x00007ff9fc309000 	C:\WINDOWS\SYSTEM32\ntdll.dll
0x00007ff9fac70000 - 0x00007ff9fad39000 	C:\WINDOWS\System32\KERNEL32.DLL
0x00007ff9f9890000 - 0x00007ff9f9c83000 	C:\WINDOWS\System32\KERNELBASE.dll
0x00007ff9f9c90000 - 0x00007ff9f9ddb000 	C:\WINDOWS\System32\ucrtbase.dll
0x00007ff9f0fa0000 - 0x00007ff9f0fb8000 	C:\Program Files\Java\jdk-17.0.1\bin\jli.dll
0x00007ff9fbfa0000 - 0x00007ff9fc054000 	C:\WINDOWS\System32\ADVAPI32.dll
0x00007ff9fa580000 - 0x00007ff9fa629000 	C:\WINDOWS\System32\msvcrt.dll
0x00007ff9fb180000 - 0x00007ff9fb226000 	C:\WINDOWS\System32\sechost.dll
0x00007ff9fa1b0000 - 0x00007ff9fa2c8000 	C:\WINDOWS\System32\RPCRT4.dll
0x00007ff9fa2d0000 - 0x00007ff9fa494000 	C:\WINDOWS\System32\USER32.dll
0x00007ff9f9580000 - 0x00007ff9f95a7000 	C:\WINDOWS\System32\win32u.dll
0x00007ff9fbb20000 - 0x00007ff9fbb4b000 	C:\WINDOWS\System32\GDI32.dll
0x00007ff9f92e0000 - 0x00007ff9f940d000 	C:\WINDOWS\System32\gdi32full.dll
0x00007ff9f9230000 - 0x00007ff9f92d3000 	C:\WINDOWS\System32\msvcp_win.dll
0x00007ff9f05c0000 - 0x00007ff9f05da000 	C:\Program Files\Java\jdk-17.0.1\bin\VCRUNTIME140.dll
0x00007ff9e25c0000 - 0x00007ff9e2853000 	C:\WINDOWS\WinSxS\amd64_microsoft.windows.common-controls_6595b64144ccf1df_6.0.26100.5074_none_3e0d6f78e32fd63f\COMCTL32.dll
0x00007ff9e70c0000 - 0x00007ff9e70cb000 	C:\WINDOWS\SYSTEM32\VERSION.dll
0x00007ff9faf00000 - 0x00007ff9faf2f000 	C:\WINDOWS\System32\IMM32.DLL
0x00007ff9f0f60000 - 0x00007ff9f0f6c000 	C:\Program Files\Java\jdk-17.0.1\bin\vcruntime140_1.dll
0x00007ff9dce60000 - 0x00007ff9dceed000 	C:\Program Files\Java\jdk-17.0.1\bin\msvcp140.dll
0x00007ff9853f0000 - 0x00007ff985fae000 	C:\Program Files\Java\jdk-17.0.1\bin\server\jvm.dll
0x00007ff9f9e90000 - 0x00007ff9f9e98000 	C:\WINDOWS\System32\PSAPI.DLL
0x00007ff9dbec0000 - 0x00007ff9dbeca000 	C:\WINDOWS\SYSTEM32\WSOCK32.dll
0x00007ff9fabf0000 - 0x00007ff9fac64000 	C:\WINDOWS\System32\WS2_32.dll
0x00007ff9ee080000 - 0x00007ff9ee0b5000 	C:\WINDOWS\SYSTEM32\WINMM.dll
0x00007ff9f8010000 - 0x00007ff9f802b000 	C:\WINDOWS\SYSTEM32\kernel.appcore.dll
0x00007ff9f0660000 - 0x00007ff9f066a000 	C:\Program Files\Java\jdk-17.0.1\bin\jimage.dll
0x00007ff9f6900000 - 0x00007ff9f6b42000 	C:\WINDOWS\SYSTEM32\DBGHELP.DLL
0x00007ff9fbc20000 - 0x00007ff9fbf9b000 	C:\WINDOWS\System32\combase.dll
0x00007ff9fa4a0000 - 0x00007ff9fa577000 	C:\WINDOWS\System32\OLEAUT32.dll
0x00007ff9ddc60000 - 0x00007ff9ddc9d000 	C:\WINDOWS\SYSTEM32\dbgcore.DLL
0x00007ff9f9670000 - 0x00007ff9f9709000 	C:\WINDOWS\System32\bcryptPrimitives.dll
0x00007ff9e8c00000 - 0x00007ff9e8c25000 	C:\Program Files\Java\jdk-17.0.1\bin\java.dll
0x00007ff999300000 - 0x00007ff9993d6000 	C:\Program Files\Java\jdk-17.0.1\bin\svml.dll
0x00007ff9fb3d0000 - 0x00007ff9fbb1d000 	C:\WINDOWS\System32\SHELL32.dll
0x00007ff9f9410000 - 0x00007ff9f957c000 	C:\WINDOWS\System32\wintypes.dll
0x00007ff9f6eb0000 - 0x00007ff9f7709000 	C:\WINDOWS\SYSTEM32\windows.storage.dll
0x00007ff9f9ec0000 - 0x00007ff9f9fb0000 	C:\WINDOWS\System32\SHCORE.dll
0x00007ff9fa630000 - 0x00007ff9fa692000 	C:\WINDOWS\System32\shlwapi.dll
0x00007ff9f9150000 - 0x00007ff9f9179000 	C:\WINDOWS\SYSTEM32\profapi.dll
0x00007ff9f0550000 - 0x00007ff9f0569000 	C:\Program Files\Java\jdk-17.0.1\bin\net.dll
0x00007ff9e8de0000 - 0x00007ff9e8eff000 	C:\WINDOWS\SYSTEM32\WINHTTP.dll
0x00007ff9f8590000 - 0x00007ff9f85fb000 	C:\WINDOWS\system32\mswsock.dll
0x00007ff9dce40000 - 0x00007ff9dce55000 	C:\Program Files\Java\jdk-17.0.1\bin\nio.dll
0x00007ff9dce20000 - 0x00007ff9dce38000 	C:\Program Files\Java\jdk-17.0.1\bin\zip.dll
0x00007ff9f05f0000 - 0x00007ff9f05f9000 	C:\Program Files\Java\jdk-17.0.1\bin\management.dll
0x00007ff9f05b0000 - 0x00007ff9f05bb000 	C:\Program Files\Java\jdk-17.0.1\bin\management_ext.dll
0x00007ff9db0d0000 - 0x00007ff9db0e8000 	C:\WINDOWS\system32\napinsp.dll
0x00007ff9f7b20000 - 0x00007ff9f7c46000 	C:\WINDOWS\SYSTEM32\DNSAPI.dll
0x00007ff9f7a30000 - 0x00007ff9f7a64000 	C:\WINDOWS\SYSTEM32\IPHLPAPI.DLL
0x00007ff9fae40000 - 0x00007ff9fae4a000 	C:\WINDOWS\System32\NSI.dll
0x00007ff9da570000 - 0x00007ff9da582000 	C:\WINDOWS\System32\winrnr.dll
0x00007ff9da400000 - 0x00007ff9da428000 	C:\WINDOWS\system32\nlansp_c.dll
0x00007ff9eda50000 - 0x00007ff9eda66000 	C:\WINDOWS\system32\wshbth.dll
0x0000000061d60000 - 0x0000000061d86000 	C:\Program Files\Bonjour\mdnsNSP.dll
0x00007ff9edee0000 - 0x00007ff9edeeb000 	C:\Windows\System32\rasadhlp.dll
0x00007ff9f2740000 - 0x00007ff9f27c6000 	C:\WINDOWS\System32\fwpuclnt.dll
0x00007ff9f8830000 - 0x00007ff9f884b000 	C:\WINDOWS\SYSTEM32\CRYPTSP.dll
0x00007ff9f7f70000 - 0x00007ff9f7fab000 	C:\WINDOWS\system32\rsaenh.dll
0x00007ff9f8630000 - 0x00007ff9f865b000 	C:\WINDOWS\SYSTEM32\USERENV.dll
0x00007ff9f9120000 - 0x00007ff9f9146000 	C:\WINDOWS\SYSTEM32\bcrypt.dll
0x00007ff9f8850000 - 0x00007ff9f885c000 	C:\WINDOWS\SYSTEM32\CRYPTBASE.dll
0x00007ff9f1ec0000 - 0x00007ff9f1ede000 	C:\WINDOWS\SYSTEM32\dhcpcsvc6.DLL
0x00007ff9f1b60000 - 0x00007ff9f1b83000 	C:\WINDOWS\SYSTEM32\dhcpcsvc.DLL
0x00007ff9efef0000 - 0x00007ff9efefe000 	C:\Program Files\Java\jdk-17.0.1\bin\sunmscapi.dll
0x00007ff9f9710000 - 0x00007ff9f9887000 	C:\WINDOWS\System32\CRYPT32.dll
0x00007ff9f8a50000 - 0x00007ff9f8a80000 	C:\WINDOWS\SYSTEM32\ncrypt.dll
0x00007ff9f8a00000 - 0x00007ff9f8a3f000 	C:\WINDOWS\SYSTEM32\NTASN1.dll
0x00007ff9e8bf0000 - 0x00007ff9e8c00000 	C:\Program Files\Java\jdk-17.0.1\bin\verify.dll

dbghelp: loaded successfully - version: 4.0.5 - missing functions: none
symbol engine: initialized successfully - sym options: 0x614 - pdb path: .;C:\Program Files\Java\jdk-17.0.1\bin;C:\WINDOWS\SYSTEM32;C:\WINDOWS\WinSxS\amd64_microsoft.windows.common-controls_6595b64144ccf1df_6.0.26100.5074_none_3e0d6f78e32fd63f;C:\Program Files\Java\jdk-17.0.1\bin\server;C:\Program Files\Bonjour

VM Arguments:
jvm_args: -Dcom.sun.management.jmxremote -Dcom.sun.management.jmxremote.port=29804 -Dcom.sun.management.jmxremote.authenticate=false -Dcom.sun.management.jmxremote.ssl=false -Djava.rmi.server.hostname=localhost -Dspring.jmx.enabled=true -Dmanagement.endpoints.jmx.exposure.include=* -Dspring.application.admin.enabled=true -Dspring.output.ansi.enabled=always -XX:TieredStopAtLevel=1 -Dspring.boot.project.name=newapi -Dfile.encoding=UTF-8 -Dstdout.encoding=UTF-8 -Dstderr.encoding=UTF-8 -XX:+ShowCodeDetailsInExceptionMessages 
java_command: com.example.demo.NewapiApplication
java_class_path (initial): F:\VIMAL\newapi (3) (1)\newapi (3)\newapi (3)\newapi (1)\newapi\target\classes;C:\Users\LENOVO\.m2\repository\org\springframework\boot\spring-boot-starter-data-jpa\3.5.5\spring-boot-starter-data-jpa-3.5.5.jar;C:\Users\LENOVO\.m2\repository\org\springframework\boot\spring-boot-starter\3.5.5\spring-boot-starter-3.5.5.jar;C:\Users\LENOVO\.m2\repository\org\springframework\boot\spring-boot-starter-logging\3.5.5\spring-boot-starter-logging-3.5.5.jar;C:\Users\LENOVO\.m2\repository\ch\qos\logback\logback-classic\1.5.18\logback-classic-1.5.18.jar;C:\Users\LENOVO\.m2\repository\ch\qos\logback\logback-core\1.5.18\logback-core-1.5.18.jar;C:\Users\LENOVO\.m2\repository\org\apache\logging\log4j\log4j-to-slf4j\2.24.3\log4j-to-slf4j-2.24.3.jar;C:\Users\LENOVO\.m2\repository\org\apache\logging\log4j\log4j-api\2.24.3\log4j-api-2.24.3.jar;C:\Users\LENOVO\.m2\repository\org\slf4j\jul-to-slf4j\2.0.17\jul-to-slf4j-2.0.17.jar;C:\Users\LENOVO\.m2\repository\jakarta\annotation\jakarta.annotation-api\2.1.1\jakarta.annotation-api-2.1.1.jar;C:\Users\LENOVO\.m2\repository\org\yaml\snakeyaml\2.4\snakeyaml-2.4.jar;C:\Users\LENOVO\.m2\repository\org\springframework\boot\spring-boot-starter-jdbc\3.5.5\spring-boot-starter-jdbc-3.5.5.jar;C:\Users\LENOVO\.m2\repository\com\zaxxer\HikariCP\6.3.2\HikariCP-6.3.2.jar;C:\Users\LENOVO\.m2\repository\org\springframework\spring-jdbc\6.2.10\spring-jdbc-6.2.10.jar;C:\Users\LENOVO\.m2\repository\org\hibernate\orm\hibernate-core\6.6.26.Final\hibernate-core-6.6.26.Final.jar;C:\Users\LENOVO\.m2\repository\jakarta\persistence\jakarta.persistence-api\3.1.0\jakarta.persistence-api-3.1.0.jar;C:\Users\LENOVO\.m2\repository\jakarta\transaction\jakarta.transaction-api\2.0.1\jakarta.transaction-api-2.0.1.jar;C:\Users\LENOVO\.m2\repository\org\jboss\logging\jboss-logging\3.6.1.Final\jboss-logging-3.6.1.Final.jar;C:\Users\LENOVO\.m2\repository\org\hibernate\common\hibernate-commons-annotations\7.0.3.Final\hibernate-commons-annotations-7.0.3.Fina
Launcher Type: SUN_STANDARD

[Global flags]
     intx CICompilerCount                          = 3                                         {product} {ergonomic}
     uint ConcGCThreads                            = 1                                         {product} {ergonomic}
     uint G1ConcRefinementThreads                  = 4                                         {product} {ergonomic}
   size_t G1HeapRegionSize                         = 1048576                                   {product} {ergonomic}
    uintx GCDrainStackTargetSize                   = 64                                        {product} {ergonomic}
   size_t InitialHeapSize                          = 132120576                                 {product} {ergonomic}
     bool ManagementServer                         = true                                      {product} {command line}
   size_t MarkStackSize                            = 4194304                                   {product} {ergonomic}
   size_t MaxHeapSize                              = 2090860544                                {product} {ergonomic}
   size_t MaxNewSize                               = 1254096896                                {product} {ergonomic}
   size_t MinHeapDeltaBytes                        = 1048576                                   {product} {ergonomic}
   size_t MinHeapSize                              = 8388608                                   {product} {ergonomic}
    uintx NonProfiledCodeHeapSize                  = 0                                      {pd product} {ergonomic}
     bool ProfileInterpreter                       = false                                  {pd product} {command line}
    uintx ProfiledCodeHeapSize                     = 0                                      {pd product} {ergonomic}
     bool ShowCodeDetailsInExceptionMessages       = true                                   {manageable} {command line}
   size_t SoftMaxHeapSize                          = 2090860544                             {manageable} {ergonomic}
     intx TieredStopAtLevel                        = 1                                         {product} {command line}
     bool UseCompressedClassPointers               = true                           {product lp64_product} {ergonomic}
     bool UseCompressedOops                        = true                           {product lp64_product} {ergonomic}
     bool UseG1GC                                  = true                                      {product} {ergonomic}
     bool UseLargePagesIndividualAllocation        = false                                  {pd product} {ergonomic}

Logging:
Log output configuration:
 #0: stdout all=warning uptime,level,tags
 #1: stderr all=off uptime,level,tags

Environment Variables:
PATH=C:/Spring/sts-4.32.0.RELEASE//plugins/org.eclipse.justj.openjdk.hotspot.jre.full.win32.x86_64_21.0.8.v20250724-1412/jre/bin/server;C:/Spring/sts-4.32.0.RELEASE//plugins/org.eclipse.justj.openjdk.hotspot.jre.full.win32.x86_64_21.0.8.v20250724-1412/jre/bin;C:\Program Files\Common Files\Oracle\Java\javapath;C:\Program Files\Java\jdk-19;C:\WINDOWS\system32;C:\WINDOWS;C:\WINDOWS\System32\Wbem;C:\WINDOWS\System32\WindowsPowerShell\v1.0\;C:\WINDOWS\System32\OpenSSH\;C:\Program Files\Git\cmd;C:\Program Files (x86)\Microsoft SQL Server\100\Tools\Binn\;C:\Program Files\Microsoft SQL Server\100\Tools\Binn\;C:\Program Files\Microsoft SQL Server\100\DTS\Binn\;C:\xampp\php;D:\bca\exam;C:\Program Files\Microsoft SQL Server\150\Tools\Binn\;C:\MinGW\bin;C:\Program Files (x86)\Bitvise SSH Client;C:\Program Files\Java\jdk-19\bin;C:\Users\LENOVO\AppData\Local\Microsoft\WindowsApps;C:\Program Files\JetBrains\PyCharm Community Edition 2022.3.1\bin;;C:\Users\LENOVO\AppData\Roaming\Composer\vendor\bin;C:\Users\LENOVO\AppData\Local\Programs\Microsoft VS Code\bin;C:\Program Files\JetBrains\IntelliJ IDEA 2024.3.1.1\bin;;C:\Users\LENOVO\AppData\Local\Programs\cursor\resources\app\bin;C:\Spring\sts-4.32.0.RELEASE;
USERNAME=LENOVO
OS=Windows_NT
PROCESSOR_IDENTIFIER=Intel64 Family 6 Model 140 Stepping 1, GenuineIntel



---------------  S Y S T E M  ---------------

OS:
 Windows 10 , 64 bit Build 26100 (10.0.26100.5074)
OS uptime: 8 days 1:16 hours

CPU: total 4 (initial active 4) (2 cores per cpu, 2 threads per core) family 6 model 140 stepping 1 microcode 0xa6, cx8, cmov, fxsr, ht, mmx, 3dnowpref, sse, sse2, sse3, ssse3, sse4.1, sse4.2, popcnt, lzcnt, tsc, tscinvbit, avx, avx2, aes, erms, clmul, bmi1, bmi2, adx, avx512f, avx512dq, avx512cd, avx512bw, avx512vl, sha, fma, vzeroupper, avx512_vpopcntdq, avx512_vpclmulqdq, avx512_vaes, avx512_vnni, clflush, clflushopt, clwb, avx512_vbmi2, avx512_vbmi

Memory: 4k page, system-wide physical 7975M (457M free)
TotalPageFile size 22048M (AvailPageFile size 28M)
current process WorkingSet (physical memory assigned to process): 242M, peak: 243M
current process commit charge ("private bytes"): 283M, peak: 381M

vm_info: Java HotSpot(TM) 64-Bit Server VM (17.0.1+12-LTS-39) for windows-amd64 JRE (17.0.1+12-LTS-39), built on Sep 27 2021 18:41:35 by "mach5one" with MS VC++ 16.8 (VS2019)

END.
